[Tue Apr 16 18:13:14 2024] [warn] Init: Name-based SSL virtual hosts only work for clients with TLS server name indication support (RFC 4366)
[Tue Apr 16 18:13:14 2024] [warn] pid file Z:/usr/local/apache/logs/httpd.pid overwritten -- Unclean shutdown of previous Apache run?
[Tue Apr 16 18:13:14 2024] [warn] Init: Name-based SSL virtual hosts only work for clients with TLS server name indication support (RFC 4366)
[Tue Apr 16 18:13:14 2024] [notice] Apache/2.2.22 (Win32) mod_ssl/2.2.22 OpenSSL/1.0.1c PHP/5.3.13 configured -- resuming normal operations
[Tue Apr 16 18:13:14 2024] [notice] Server built: Apr 20 2012 18:42:30
[Tue Apr 16 18:13:14 2024] [notice] Parent: Created child process 23856
[Tue Apr 16 18:13:14 2024] [notice] Disabled use of AcceptEx() WinSock2 API
Apache server shutdown initiated...
it: Name-based SSL virtual hosts only work for clients with TLS server name indication support (RFC 4366)
[Tue Apr 16 18:13:14 2024] [warn] Init: Name-based SSL virtual hosts only work for clients with TLS server name indication support (RFC 4366)
[Tue Apr 16 18:13:14 2024] [notice] Child 23856: Child process is running
[Tue Apr 16 18:13:14 2024] [notice] Child 23856: Acquired the start mutex.
[Tue Apr 16 18:13:14 2024] [notice] Child 23856: Starting 25 worker threads.
[Tue Apr 16 18:13:14 2024] [notice] Child 23856: Listening on port 443.
[Tue Apr 16 18:13:14 2024] [notice] Child 23856: Listening on port 8648.
[Tue Apr 16 18:13:14 2024] [notice] Child 23856: Listening on port 443.
[Tue Apr 16 18:13:14 2024] [notice] Child 23856: Listening on port 80.
[Wed Apr 17 00:05:56 2024] [notice] Parent: Received shutdown signal -- Shutting down the server.
[Wed Apr 17 00:05:56 2024] [notice] Child 23856: Exit event signaled. Child process is ending.
[Wed Apr 17 00:05:57 2024] [notice] Child 23856: Released the start mutex
[Wed Apr 17 00:05:57 2024] [notice] Child 23856: All worker threads have exited.
[Wed Apr 17 00:05:57 2024] [notice] Child 23856: Child process is exiting
[Wed Apr 17 00:05:58 2024] [notice] Parent: Child process exited successfully.
